<?xml version="1.0" encoding="UTF-8"?>
<!-- Generated by org.testng.reporters.JUnitReportReporter -->
<testsuite hostname="DESKTOP-KIMKO2A" failures="0" tests="5" name="testCases.TC_003_LoginTestDDDT" time="35.666" errors="0" timestamp="2024-08-05T18:55:06 IST" skipped="0">
  <testcase classname="testCases.TC_003_LoginTestDDDT" name="Verify_LoginDDT" time="4.757"/>
  <testcase classname="testCases.TC_003_LoginTestDDDT" name="Verify_LoginDDT" time="5.454"/>
  <testcase classname="testCases.TC_003_LoginTestDDDT" name="Verify_LoginDDT" time="5.716"/>
  <testcase classname="testCases.TC_003_LoginTestDDDT" name="Verify_LoginDDT" time="14.170"/>
  <testcase classname="testCases.TC_003_LoginTestDDDT" name="Verify_LoginDDT" time="5.569"/>
</testsuite> <!-- testCases.TC_003_LoginTestDDDT -->
