<?xml version="1.0" encoding="UTF-8"?>
<!-- Generated by org.testng.reporters.JUnitReportReporter -->
<testsuite hostname="DESKTOP-KIMKO2A" failures="0" tests="1" name="testCases.TC_001_TestLoginPage" time="2.478" errors="0" timestamp="2024-08-11T14:53:25 IST" skipped="0">
  <testcase classname="testCases.TC_001_TestLoginPage" name="VerifyLogin" time="2.478"/>
</testsuite> <!-- testCases.TC_001_TestLoginPage -->
