<?xml version="1.0" encoding="UTF-8"?>
<!-- Generated by org.testng.reporters.JUnitReportReporter -->
<testsuite hostname="DESKTOP-KIMKO2A" failures="0" tests="1" name="testCases.TC_002_Verify_Login" time="4.532" errors="0" timestamp="2024-08-12T06:56:46 IST" skipped="0">
  <testcase classname="testCases.TC_002_Verify_Login" name="testLogin" time="4.532"/>
</testsuite> <!-- testCases.TC_002_Verify_Login -->
